\BOOKMARK [0][-]{chapter.1}{\376\377\000I\000n\000t\000r\000o\000d\000u\000c\000t\000i\000o\000n\000\040\000t\000o\000\040\000P\000r\000o\000b\000l\000e\000m}{}% 1
\BOOKMARK [0][-]{chapter.2}{\376\377\000E\000x\000i\000s\000t\000i\000n\000g\000\040\000S\000y\000s\000t\000e\000m}{}% 2
\BOOKMARK [0][-]{chapter.3}{\376\377\000P\000r\000o\000p\000o\000s\000e\000d\000\040\000S\000y\000s\000t\000e\000m}{}% 3
\BOOKMARK [0][-]{chapter.4}{\376\377\000S\000c\000o\000p\000e\000\040\000o\000f\000\040\000W\000o\000r\000k}{}% 4
\BOOKMARK [0][-]{chapter.5}{\376\377\000F\000e\000a\000s\000i\000b\000i\000l\000i\000t\000y\000\040\000S\000t\000u\000d\000y}{}% 5
\BOOKMARK [1][-]{section.5.1}{\376\377\000T\000e\000c\000h\000n\000i\000c\000a\000l\000\040\000F\000e\000a\000s\000i\000b\000i\000l\000i\000t\000y}{chapter.5}% 6
\BOOKMARK [1][-]{section.5.2}{\376\377\000O\000p\000e\000r\000a\000t\000i\000o\000n\000a\000l\000\040\000F\000e\000a\000s\000i\000b\000i\000l\000i\000t\000y}{chapter.5}% 7
\BOOKMARK [1][-]{section.5.3}{\376\377\000E\000c\000o\000n\000o\000m\000i\000c\000\040\000F\000e\000a\000s\000i\000b\000i\000l\000i\000t\000y}{chapter.5}% 8
\BOOKMARK [0][-]{chapter.6}{\376\377\000S\000y\000s\000t\000e\000m\000\040\000R\000e\000q\000u\000i\000r\000e\000m\000e\000n\000t\000s}{}% 9
\BOOKMARK [1][-]{section.6.1}{\376\377\000H\000a\000r\000d\000w\000a\000r\000e\000\040\000R\000e\000q\000u\000i\000r\000e\000m\000e\000n\000t\000s}{chapter.6}% 10
\BOOKMARK [1][-]{section.6.2}{\376\377\000S\000o\000f\000t\000w\000a\000r\000e\000\040\000R\000e\000q\000u\000i\000r\000e\000m\000e\000n\000t\000s}{chapter.6}% 11
\BOOKMARK [0][-]{chapter.7}{\376\377\000T\000e\000c\000h\000n\000o\000l\000o\000g\000y\000\040\000S\000t\000a\000c\000k}{}% 12
\BOOKMARK [0][-]{chapter.8}{\376\377\000S\000y\000s\000t\000e\000m\000\040\000A\000r\000c\000h\000i\000t\000e\000c\000t\000u\000r\000e}{}% 13
\BOOKMARK [0][-]{chapter.9}{\376\377\000D\000a\000t\000a\000b\000a\000s\000e\000\040\000D\000e\000s\000i\000g\000n}{}% 14
\BOOKMARK [1][-]{section.9.1}{\376\377\000T\000a\000b\000l\000e\000s}{chapter.9}% 15
\BOOKMARK [1][-]{section.9.2}{\376\377\000R\000e\000l\000a\000t\000i\000o\000n\000s\000h\000i\000p\000\040\000N\000o\000t\000e\000s}{chapter.9}% 16
\BOOKMARK [1][-]{section.9.3}{\376\377\000S\000e\000e\000d\000\040\000D\000a\000t\000a\000\040\000H\000i\000g\000h\000l\000i\000g\000h\000t\000s}{chapter.9}% 17
\BOOKMARK [0][-]{chapter.10}{\376\377\000E\000R\000\040\000D\000i\000a\000g\000r\000a\000m}{}% 18
\BOOKMARK [0][-]{chapter.11}{\376\377\000U\000M\000L\000\040\000D\000i\000a\000g\000r\000a\000m\000s}{}% 19
\BOOKMARK [1][-]{section.11.1}{\376\377\000A\000c\000t\000i\000v\000i\000t\000y\000\040\000D\000i\000a\000g\000r\000a\000m}{chapter.11}% 20
\BOOKMARK [1][-]{section.11.2}{\376\377\000U\000s\000e\000\040\000C\000a\000s\000e\000\040\000D\000i\000a\000g\000r\000a\000m}{chapter.11}% 21
\BOOKMARK [1][-]{section.11.3}{\376\377\000C\000l\000a\000s\000s\000\040\000D\000i\000a\000g\000r\000a\000m}{chapter.11}% 22
\BOOKMARK [1][-]{section.11.4}{\376\377\000S\000e\000q\000u\000e\000n\000c\000e\000\040\000D\000i\000a\000g\000r\000a\000m}{chapter.11}% 23
\BOOKMARK [0][-]{chapter.12}{\376\377\000M\000o\000d\000u\000l\000e\000\040\000D\000e\000s\000c\000r\000i\000p\000t\000i\000o\000n}{}% 24
\BOOKMARK [1][-]{section.12.1}{\376\377\000L\000o\000g\000i\000n\000\040\000M\000o\000d\000u\000l\000e}{chapter.12}% 25
\BOOKMARK [1][-]{section.12.2}{\376\377\000A\000d\000m\000i\000n\000\040\000D\000a\000s\000h\000b\000o\000a\000r\000d\000\040\000M\000o\000d\000u\000l\000e}{chapter.12}% 26
\BOOKMARK [1][-]{section.12.3}{\376\377\000E\000m\000p\000l\000o\000y\000e\000e\000\040\000M\000a\000n\000a\000g\000e\000m\000e\000n\000t\000\040\000M\000o\000d\000u\000l\000e}{chapter.12}% 27
\BOOKMARK [1][-]{section.12.4}{\376\377\000T\000a\000s\000k\000\040\000M\000a\000n\000a\000g\000e\000m\000e\000n\000t\000\040\000M\000o\000d\000u\000l\000e}{chapter.12}% 28
\BOOKMARK [1][-]{section.12.5}{\376\377\000A\000t\000t\000e\000n\000d\000a\000n\000c\000e\000\040\000M\000a\000n\000a\000g\000e\000m\000e\000n\000t\000\040\000M\000o\000d\000u\000l\000e}{chapter.12}% 29
\BOOKMARK [1][-]{section.12.6}{\376\377\000R\000e\000p\000o\000r\000t\000s\000\040\000M\000o\000d\000u\000l\000e}{chapter.12}% 30
\BOOKMARK [1][-]{section.12.7}{\376\377\000P\000r\000o\000f\000i\000l\000e\000,\000\040\000B\000r\000a\000n\000d\000i\000n\000g\000,\000\040\000a\000n\000d\000\040\000A\000v\000a\000t\000a\000r\000\040\000M\000o\000d\000u\000l\000e}{chapter.12}% 31
\BOOKMARK [1][-]{section.12.8}{\376\377\000D\000e\000v\000O\000p\000s\000\040\000M\000o\000d\000u\000l\000e}{chapter.12}% 32
\BOOKMARK [0][-]{chapter.13}{\376\377\000U\000s\000e\000r\000\040\000I\000n\000t\000e\000r\000f\000a\000c\000e\000\040\000S\000c\000r\000e\000e\000n\000s}{}% 33
\BOOKMARK [1][-]{section.13.1}{\376\377\000L\000o\000g\000i\000n\000\040\000S\000c\000r\000e\000e\000n}{chapter.13}% 34
\BOOKMARK [1][-]{section.13.2}{\376\377\000D\000a\000s\000h\000b\000o\000a\000r\000d\000\040\000S\000c\000r\000e\000e\000n}{chapter.13}% 35
\BOOKMARK [1][-]{section.13.3}{\376\377\000E\000m\000p\000l\000o\000y\000e\000e\000s\000\040\000S\000c\000r\000e\000e\000n}{chapter.13}% 36
\BOOKMARK [1][-]{section.13.4}{\376\377\000T\000a\000s\000k\000s\000\040\000S\000c\000r\000e\000e\000n}{chapter.13}% 37
\BOOKMARK [1][-]{section.13.5}{\376\377\000A\000t\000t\000e\000n\000d\000a\000n\000c\000e\000\040\000S\000c\000r\000e\000e\000n}{chapter.13}% 38
\BOOKMARK [1][-]{section.13.6}{\376\377\000R\000e\000p\000o\000r\000t\000s\000\040\000S\000c\000r\000e\000e\000n}{chapter.13}% 39
\BOOKMARK [0][-]{chapter.14}{\376\377\000A\000P\000I\000\040\000D\000e\000s\000i\000g\000n}{}% 40
\BOOKMARK [1][-]{section.14.1}{\376\377\000A\000u\000t\000h\000e\000n\000t\000i\000c\000a\000t\000i\000o\000n\000\040\000A\000P\000I\000s}{chapter.14}% 41
\BOOKMARK [1][-]{section.14.2}{\376\377\000D\000a\000s\000h\000b\000o\000a\000r\000d\000\040\000A\000P\000I}{chapter.14}% 42
\BOOKMARK [1][-]{section.14.3}{\376\377\000E\000m\000p\000l\000o\000y\000e\000e\000\040\000A\000P\000I\000s}{chapter.14}% 43
\BOOKMARK [1][-]{section.14.4}{\376\377\000T\000a\000s\000k\000\040\000A\000P\000I\000s}{chapter.14}% 44
\BOOKMARK [1][-]{section.14.5}{\376\377\000A\000t\000t\000e\000n\000d\000a\000n\000c\000e\000\040\000A\000P\000I\000s}{chapter.14}% 45
\BOOKMARK [1][-]{section.14.6}{\376\377\000H\000e\000a\000l\000t\000h\000\040\000A\000P\000I}{chapter.14}% 46
\BOOKMARK [1][-]{section.14.7}{\376\377\000A\000P\000I\000\040\000E\000r\000r\000o\000r\000\040\000S\000t\000r\000a\000t\000e\000g\000y}{chapter.14}% 47
\BOOKMARK [0][-]{chapter.15}{\376\377\000S\000e\000c\000u\000r\000i\000t\000y\000\040\000I\000m\000p\000l\000e\000m\000e\000n\000t\000a\000t\000i\000o\000n}{}% 48
\BOOKMARK [1][-]{section.15.1}{\376\377\000A\000u\000t\000h\000e\000n\000t\000i\000c\000a\000t\000i\000o\000n\000\040\000S\000e\000c\000u\000r\000i\000t\000y}{chapter.15}% 49
\BOOKMARK [1][-]{section.15.2}{\376\377\000P\000a\000s\000s\000w\000o\000r\000d\000\040\000S\000e\000c\000u\000r\000i\000t\000y\000\040\000w\000i\000t\000h\000\040\000b\000c\000r\000y\000p\000t}{chapter.15}% 50
\BOOKMARK [1][-]{section.15.3}{\376\377\000R\000o\000l\000e\000-\000B\000a\000s\000e\000d\000\040\000A\000c\000c\000e\000s\000s\000\040\000C\000o\000n\000t\000r\000o\000l}{chapter.15}% 51
\BOOKMARK [1][-]{section.15.4}{\376\377\000D\000a\000t\000a\000b\000a\000s\000e\000\040\000a\000n\000d\000\040\000Q\000u\000e\000r\000y\000\040\000S\000e\000c\000u\000r\000i\000t\000y}{chapter.15}% 52
\BOOKMARK [1][-]{section.15.5}{\376\377\000C\000l\000i\000e\000n\000t\000-\000S\000i\000d\000e\000\040\000S\000e\000s\000s\000i\000o\000n\000\040\000H\000a\000n\000d\000l\000i\000n\000g}{chapter.15}% 53
\BOOKMARK [1][-]{section.15.6}{\376\377\000O\000p\000e\000r\000a\000t\000i\000o\000n\000a\000l\000\040\000S\000e\000c\000u\000r\000i\000t\000y\000\040\000H\000y\000g\000i\000e\000n\000e}{chapter.15}% 54
\BOOKMARK [0][-]{chapter.16}{\376\377\000D\000e\000v\000O\000p\000s\000\040\000I\000m\000p\000l\000e\000m\000e\000n\000t\000a\000t\000i\000o\000n}{}% 55
\BOOKMARK [1][-]{section.16.1}{\376\377\000D\000o\000c\000k\000e\000r\000i\000z\000a\000t\000i\000o\000n\000\040\000S\000t\000r\000a\000t\000e\000g\000y}{chapter.16}% 56
\BOOKMARK [1][-]{section.16.2}{\376\377\000D\000o\000c\000k\000e\000r\000\040\000C\000o\000m\000p\000o\000s\000e\000\040\000O\000r\000c\000h\000e\000s\000t\000r\000a\000t\000i\000o\000n}{chapter.16}% 57
\BOOKMARK [1][-]{section.16.3}{\376\377\000H\000e\000a\000l\000t\000h\000\040\000C\000h\000e\000c\000k\000s}{chapter.16}% 58
\BOOKMARK [1][-]{section.16.4}{\376\377\000G\000i\000t\000H\000u\000b\000\040\000A\000c\000t\000i\000o\000n\000s\000\040\000C\000I\000\040\000P\000i\000p\000e\000l\000i\000n\000e}{chapter.16}% 59
\BOOKMARK [1][-]{section.16.5}{\376\377\000W\000i\000n\000d\000o\000w\000s\000\040\000A\000u\000t\000o\000m\000a\000t\000i\000o\000n\000\040\000S\000c\000r\000i\000p\000t\000s}{chapter.16}% 60
\BOOKMARK [1][-]{section.16.6}{\376\377\000E\000n\000v\000i\000r\000o\000n\000m\000e\000n\000t\000-\000b\000a\000s\000e\000d\000\040\000C\000o\000n\000f\000i\000g\000u\000r\000a\000t\000i\000o\000n}{chapter.16}% 61
\BOOKMARK [0][-]{chapter.17}{\376\377\000T\000e\000s\000t\000i\000n\000g\000\040\000S\000t\000r\000a\000t\000e\000g\000i\000e\000s}{}% 62
\BOOKMARK [1][-]{section.17.1}{\376\377\000U\000n\000i\000t\000-\000l\000e\000v\000e\000l\000\040\000V\000a\000l\000i\000d\000a\000t\000i\000o\000n}{chapter.17}% 63
\BOOKMARK [1][-]{section.17.2}{\376\377\000I\000n\000t\000e\000g\000r\000a\000t\000i\000o\000n\000\040\000T\000e\000s\000t\000i\000n\000g}{chapter.17}% 64
\BOOKMARK [1][-]{section.17.3}{\376\377\000S\000y\000s\000t\000e\000m\000\040\000T\000e\000s\000t\000i\000n\000g}{chapter.17}% 65
\BOOKMARK [1][-]{section.17.4}{\376\377\000U\000I\000/\000U\000X\000\040\000T\000e\000s\000t\000i\000n\000g}{chapter.17}% 66
\BOOKMARK [1][-]{section.17.5}{\376\377\000B\000u\000i\000l\000d\000\040\000a\000n\000d\000\040\000R\000u\000n\000t\000i\000m\000e\000\040\000V\000e\000r\000i\000f\000i\000c\000a\000t\000i\000o\000n}{chapter.17}% 67
\BOOKMARK [1][-]{section.17.6}{\376\377\000R\000e\000g\000r\000e\000s\000s\000i\000o\000n\000\040\000S\000a\000f\000e\000t\000y}{chapter.17}% 68
\BOOKMARK [0][-]{chapter.18}{\376\377\000T\000e\000s\000t\000\040\000C\000a\000s\000e\000s}{}% 69
\BOOKMARK [0][-]{chapter.19}{\376\377\000L\000i\000m\000i\000t\000a\000t\000i\000o\000n\000s}{}% 70
\BOOKMARK [0][-]{chapter.20}{\376\377\000F\000u\000t\000u\000r\000e\000\040\000S\000c\000o\000p\000e}{}% 71
\BOOKMARK [0][-]{chapter.21}{\376\377\000C\000o\000n\000c\000l\000u\000s\000i\000o\000n}{}% 72
\BOOKMARK [0][-]{chapter.22}{\376\377\000B\000i\000b\000l\000i\000o\000g\000r\000a\000p\000h\000y\000\040\000\046\000\040\000R\000e\000f\000e\000r\000e\000n\000c\000e\000s}{}% 73
\BOOKMARK [0][-]{chapter.23}{\376\377\000A\000p\000p\000e\000n\000d\000i\000x}{}% 74
\BOOKMARK [1][-]{section.23.1}{\376\377\000A\000.\000\040\000T\000r\000a\000i\000n\000i\000n\000g\000\040\000a\000n\000d\000\040\000C\000l\000i\000e\000n\000t\000\040\000C\000o\000n\000t\000e\000x\000t}{chapter.23}% 75
\BOOKMARK [1][-]{section.23.2}{\376\377\000B\000.\000\040\000G\000i\000t\000H\000u\000b\000\040\000R\000e\000p\000o\000s\000i\000t\000o\000r\000y}{chapter.23}% 76
\BOOKMARK [1][-]{section.23.3}{\376\377\000C\000.\000\040\000D\000e\000m\000o\000\040\000C\000r\000e\000d\000e\000n\000t\000i\000a\000l\000s}{chapter.23}% 77
\BOOKMARK [1][-]{section.23.4}{\376\377\000D\000.\000\040\000E\000m\000p\000l\000o\000y\000e\000e\000\040\000a\000n\000d\000\040\000I\000n\000t\000e\000r\000n\000\040\000S\000e\000e\000d\000\040\000D\000a\000t\000a\000s\000e\000t}{chapter.23}% 78
\BOOKMARK [1][-]{section.23.5}{\376\377\000E\000.\000\040\000E\000s\000s\000e\000n\000t\000i\000a\000l\000\040\000C\000o\000m\000m\000a\000n\000d\000s}{chapter.23}% 79
\BOOKMARK [1][-]{section.23.6}{\376\377\000F\000.\000\040\000F\000i\000n\000a\000l\000\040\000Q\000A\000\040\000C\000h\000e\000c\000k\000l\000i\000s\000t\000\040\000R\000e\000f\000e\000r\000e\000n\000c\000e}{chapter.23}% 80
